<?xml version="1.0" encoding="UTF-8"?>
<testsuite xmlns:xsi="http://www.w3.org/2001/XMLSchema-instance" xsi:noNamespaceSchemaLocation="https://maven.apache.org/surefire/maven-surefire-plugin/xsd/surefire-test-report.xsd" version="3.0.1" name="com.browserstack.tests.AssignmentTests" time="54.336" tests="4" errors="0" skipped="0" failures="2">
  <properties>
    <property name="java.specification.version" value="21"/>
    <property name="webdriver.chrome.driver" value="/Users/mukeshpatra/.cache/selenium/chromedriver/mac-arm64/131.0.6778.264/chromedriver"/>
    <property name="sun.jnu.encoding" value="UTF-8"/>
    <property name="java.class.path" value="/Users/mukeshpatra/eclipse-workspace/Browserstack_Assignment/target/test-classes:/Users/mukeshpatra/eclipse-workspace/Browserstack_Assignment/target/classes:/Users/mukeshpatra/.m2/repository/org/seleniumhq/selenium/selenium-java/4.25.0/selenium-java-4.25.0.jar:/Users/mukeshpatra/.m2/repository/org/seleniumhq/selenium/selenium-api/4.25.0/selenium-api-4.25.0.jar:/Users/mukeshpatra/.m2/repository/org/jspecify/jspecify/1.0.0/jspecify-1.0.0.jar:/Users/mukeshpatra/.m2/repository/org/seleniumhq/selenium/selenium-chrome-driver/4.25.0/selenium-chrome-driver-4.25.0.jar:/Users/mukeshpatra/.m2/repository/com/google/auto/service/auto-service-annotations/1.1.1/auto-service-annotations-1.1.1.jar:/Users/mukeshpatra/.m2/repository/org/seleniumhq/selenium/selenium-chromium-driver/4.25.0/selenium-chromium-driver-4.25.0.jar:/Users/mukeshpatra/.m2/repository/org/seleniumhq/selenium/selenium-json/4.25.0/selenium-json-4.25.0.jar:/Users/mukeshpatra/.m2/repository/org/seleniumhq/selenium/selenium-manager/4.25.0/selenium-manager-4.25.0.jar:/Users/mukeshpatra/.m2/repository/org/seleniumhq/selenium/selenium-devtools-v127/4.25.0/selenium-devtools-v127-4.25.0.jar:/Users/mukeshpatra/.m2/repository/org/seleniumhq/selenium/selenium-devtools-v128/4.25.0/selenium-devtools-v128-4.25.0.jar:/Users/mukeshpatra/.m2/repository/org/seleniumhq/selenium/selenium-devtools-v129/4.25.0/selenium-devtools-v129-4.25.0.jar:/Users/mukeshpatra/.m2/repository/org/seleniumhq/selenium/selenium-devtools-v85/4.25.0/selenium-devtools-v85-4.25.0.jar:/Users/mukeshpatra/.m2/repository/org/seleniumhq/selenium/selenium-edge-driver/4.25.0/selenium-edge-driver-4.25.0.jar:/Users/mukeshpatra/.m2/repository/org/seleniumhq/selenium/selenium-firefox-driver/4.25.0/selenium-firefox-driver-4.25.0.jar:/Users/mukeshpatra/.m2/repository/org/seleniumhq/selenium/selenium-http/4.25.0/selenium-http-4.25.0.jar:/Users/mukeshpatra/.m2/repository/dev/failsafe/failsafe/3.3.2/failsafe-3.3.2.jar:/Users/mukeshpatra/.m2/repository/org/seleniumhq/selenium/selenium-ie-driver/4.25.0/selenium-ie-driver-4.25.0.jar:/Users/mukeshpatra/.m2/repository/org/seleniumhq/selenium/selenium-remote-driver/4.25.0/selenium-remote-driver-4.25.0.jar:/Users/mukeshpatra/.m2/repository/com/google/guava/guava/33.3.0-jre/guava-33.3.0-jre.jar:/Users/mukeshpatra/.m2/repository/com/google/guava/failureaccess/1.0.2/failureaccess-1.0.2.jar:/Users/mukeshpatra/.m2/repository/com/google/guava/listenablefuture/9999.0-empty-to-avoid-conflict-with-guava/listenablefuture-9999.0-empty-to-avoid-conflict-with-guava.jar:/Users/mukeshpatra/.m2/repository/com/google/code/findbugs/jsr305/3.0.2/jsr305-3.0.2.jar:/Users/mukeshpatra/.m2/repository/org/checkerframework/checker-qual/3.43.0/checker-qual-3.43.0.jar:/Users/mukeshpatra/.m2/repository/com/google/j2objc/j2objc-annotations/3.0.0/j2objc-annotations-3.0.0.jar:/Users/mukeshpatra/.m2/repository/io/opentelemetry/semconv/opentelemetry-semconv/1.25.0-alpha/opentelemetry-semconv-1.25.0-alpha.jar:/Users/mukeshpatra/.m2/repository/io/opentelemetry/opentelemetry-api/1.42.1/opentelemetry-api-1.42.1.jar:/Users/mukeshpatra/.m2/repository/io/opentelemetry/opentelemetry-context/1.42.1/opentelemetry-context-1.42.1.jar:/Users/mukeshpatra/.m2/repository/io/opentelemetry/opentelemetry-exporter-logging/1.42.1/opentelemetry-exporter-logging-1.42.1.jar:/Users/mukeshpatra/.m2/repository/io/opentelemetry/opentelemetry-sdk-common/1.42.1/opentelemetry-sdk-common-1.42.1.jar:/Users/mukeshpatra/.m2/repository/io/opentelemetry/opentelemetry-sdk-extension-autoconfigure-spi/1.42.1/opentelemetry-sdk-extension-autoconfigure-spi-1.42.1.jar:/Users/mukeshpatra/.m2/repository/io/opentelemetry/opentelemetry-sdk-extension-autoconfigure/1.42.1/opentelemetry-sdk-extension-autoconfigure-1.42.1.jar:/Users/mukeshpatra/.m2/repository/io/opentelemetry/opentelemetry-api-incubator/1.42.1-alpha/opentelemetry-api-incubator-1.42.1-alpha.jar:/Users/mukeshpatra/.m2/repository/io/opentelemetry/opentelemetry-sdk-trace/1.42.1/opentelemetry-sdk-trace-1.42.1.jar:/Users/mukeshpatra/.m2/repository/io/opentelemetry/opentelemetry-sdk/1.42.1/opentelemetry-sdk-1.42.1.jar:/Users/mukeshpatra/.m2/repository/io/opentelemetry/opentelemetry-sdk-metrics/1.42.1/opentelemetry-sdk-metrics-1.42.1.jar:/Users/mukeshpatra/.m2/repository/io/opentelemetry/opentelemetry-sdk-logs/1.42.1/opentelemetry-sdk-logs-1.42.1.jar:/Users/mukeshpatra/.m2/repository/net/bytebuddy/byte-buddy/1.15.1/byte-buddy-1.15.1.jar:/Users/mukeshpatra/.m2/repository/org/seleniumhq/selenium/selenium-os/4.25.0/selenium-os-4.25.0.jar:/Users/mukeshpatra/.m2/repository/org/apache/commons/commons-exec/1.4.0/commons-exec-1.4.0.jar:/Users/mukeshpatra/.m2/repository/org/seleniumhq/selenium/selenium-safari-driver/4.25.0/selenium-safari-driver-4.25.0.jar:/Users/mukeshpatra/.m2/repository/org/seleniumhq/selenium/selenium-support/4.25.0/selenium-support-4.25.0.jar:/Users/mukeshpatra/.m2/repository/org/testng/testng/6.11/testng-6.11.jar:/Users/mukeshpatra/.m2/repository/com/beust/jcommander/1.64/jcommander-1.64.jar:/Users/mukeshpatra/.m2/repository/org/yaml/snakeyaml/1.17/snakeyaml-1.17.jar:/Users/mukeshpatra/.m2/repository/io/github/bonigarcia/webdrivermanager/5.9.2/webdrivermanager-5.9.2.jar:/Users/mukeshpatra/.m2/repository/org/slf4j/slf4j-api/2.0.13/slf4j-api-2.0.13.jar:/Users/mukeshpatra/.m2/repository/com/google/code/gson/gson/2.11.0/gson-2.11.0.jar:/Users/mukeshpatra/.m2/repository/com/google/errorprone/error_prone_annotations/2.27.0/error_prone_annotations-2.27.0.jar:/Users/mukeshpatra/.m2/repository/com/github/docker-java/docker-java/3.4.0/docker-java-3.4.0.jar:/Users/mukeshpatra/.m2/repository/com/github/docker-java/docker-java-core/3.4.0/docker-java-core-3.4.0.jar:/Users/mukeshpatra/.m2/repository/com/github/docker-java/docker-java-api/3.4.0/docker-java-api-3.4.0.jar:/Users/mukeshpatra/.m2/repository/com/fasterxml/jackson/core/jackson-annotations/2.10.3/jackson-annotations-2.10.3.jar:/Users/mukeshpatra/.m2/repository/com/fasterxml/jackson/core/jackson-databind/2.10.3/jackson-databind-2.10.3.jar:/Users/mukeshpatra/.m2/repository/com/fasterxml/jackson/core/jackson-core/2.10.3/jackson-core-2.10.3.jar:/Users/mukeshpatra/.m2/repository/org/slf4j/jcl-over-slf4j/1.7.30/jcl-over-slf4j-1.7.30.jar:/Users/mukeshpatra/.m2/repository/com/github/docker-java/docker-java-transport-httpclient5/3.4.0/docker-java-transport-httpclient5-3.4.0.jar:/Users/mukeshpatra/.m2/repository/com/github/docker-java/docker-java-transport/3.4.0/docker-java-transport-3.4.0.jar:/Users/mukeshpatra/.m2/repository/net/java/dev/jna/jna/5.13.0/jna-5.13.0.jar:/Users/mukeshpatra/.m2/repository/org/brotli/dec/0.1.2/dec-0.1.2.jar:/Users/mukeshpatra/.m2/repository/org/apache/commons/commons-lang3/3.15.0/commons-lang3-3.15.0.jar:/Users/mukeshpatra/.m2/repository/org/apache/commons/commons-compress/1.26.2/commons-compress-1.26.2.jar:/Users/mukeshpatra/.m2/repository/commons-codec/commons-codec/1.17.0/commons-codec-1.17.0.jar:/Users/mukeshpatra/.m2/repository/commons-io/commons-io/2.16.1/commons-io-2.16.1.jar:/Users/mukeshpatra/.m2/repository/org/apache/httpcomponents/client5/httpclient5/5.2.1/httpclient5-5.2.1.jar:/Users/mukeshpatra/.m2/repository/org/apache/httpcomponents/core5/httpcore5/5.2/httpcore5-5.2.jar:/Users/mukeshpatra/.m2/repository/org/apache/httpcomponents/core5/httpcore5-h2/5.2/httpcore5-h2-5.2.jar:/Users/mukeshpatra/.m2/repository/io/qameta/allure/allure-testng/2.21.0/allure-testng-2.21.0.jar:/Users/mukeshpatra/.m2/repository/io/qameta/allure/allure-java-commons/2.21.0/allure-java-commons-2.21.0.jar:/Users/mukeshpatra/.m2/repository/io/qameta/allure/allure-model/2.21.0/allure-model-2.21.0.jar:/Users/mukeshpatra/.m2/repository/io/qameta/allure/allure-test-filter/2.21.0/allure-test-filter-2.21.0.jar:/Users/mukeshpatra/.m2/repository/org/json/json/20210307/json-20210307.jar:/Users/mukeshpatra/.m2/repository/com/browserstack/browserstack-java-sdk/1.29.3/browserstack-java-sdk-1.29.3.jar:/Users/mukeshpatra/.m2/repository/org/apache/logging/log4j/log4j-core/2.17.1/log4j-core-2.17.1.jar:/Users/mukeshpatra/.m2/repository/org/apache/logging/log4j/log4j-api/2.17.1/log4j-api-2.17.1.jar:"/>
    <property name="java.vm.vendor" value="Homebrew"/>
    <property name="sun.arch.data.model" value="64"/>
    <property name="java.vendor.url" value="https://github.com/Homebrew/homebrew-core/issues"/>
    <property name="user.timezone" value="Asia/Kolkata"/>
    <property name="os.name" value="Mac OS X"/>
    <property name="java.vm.specification.version" value="21"/>
    <property name="sun.java.launcher" value="SUN_STANDARD"/>
    <property name="user.country" value="GB"/>
    <property name="sun.boot.library.path" value="/opt/homebrew/Cellar/openjdk/21.0.2/libexec/openjdk.jdk/Contents/Home/lib"/>
    <property name="sun.java.command" value="/Users/mukeshpatra/eclipse-workspace/Browserstack_Assignment/target/surefire/surefirebooter-20250117101716180_3.jar /Users/mukeshpatra/eclipse-workspace/Browserstack_Assignment/target/surefire 2025-01-17T10-17-16_111-jvmRun1 surefire-20250117101716180_1tmp surefire_0-20250117101716180_2tmp"/>
    <property name="http.nonProxyHosts" value="local|*.local|169.254/16|*.169.254/16"/>
    <property name="jdk.debug" value="release"/>
    <property name="surefire.test.class.path" value="/Users/mukeshpatra/eclipse-workspace/Browserstack_Assignment/target/test-classes:/Users/mukeshpatra/eclipse-workspace/Browserstack_Assignment/target/classes:/Users/mukeshpatra/.m2/repository/org/seleniumhq/selenium/selenium-java/4.25.0/selenium-java-4.25.0.jar:/Users/mukeshpatra/.m2/repository/org/seleniumhq/selenium/selenium-api/4.25.0/selenium-api-4.25.0.jar:/Users/mukeshpatra/.m2/repository/org/jspecify/jspecify/1.0.0/jspecify-1.0.0.jar:/Users/mukeshpatra/.m2/repository/org/seleniumhq/selenium/selenium-chrome-driver/4.25.0/selenium-chrome-driver-4.25.0.jar:/Users/mukeshpatra/.m2/repository/com/google/auto/service/auto-service-annotations/1.1.1/auto-service-annotations-1.1.1.jar:/Users/mukeshpatra/.m2/repository/org/seleniumhq/selenium/selenium-chromium-driver/4.25.0/selenium-chromium-driver-4.25.0.jar:/Users/mukeshpatra/.m2/repository/org/seleniumhq/selenium/selenium-json/4.25.0/selenium-json-4.25.0.jar:/Users/mukeshpatra/.m2/repository/org/seleniumhq/selenium/selenium-manager/4.25.0/selenium-manager-4.25.0.jar:/Users/mukeshpatra/.m2/repository/org/seleniumhq/selenium/selenium-devtools-v127/4.25.0/selenium-devtools-v127-4.25.0.jar:/Users/mukeshpatra/.m2/repository/org/seleniumhq/selenium/selenium-devtools-v128/4.25.0/selenium-devtools-v128-4.25.0.jar:/Users/mukeshpatra/.m2/repository/org/seleniumhq/selenium/selenium-devtools-v129/4.25.0/selenium-devtools-v129-4.25.0.jar:/Users/mukeshpatra/.m2/repository/org/seleniumhq/selenium/selenium-devtools-v85/4.25.0/selenium-devtools-v85-4.25.0.jar:/Users/mukeshpatra/.m2/repository/org/seleniumhq/selenium/selenium-edge-driver/4.25.0/selenium-edge-driver-4.25.0.jar:/Users/mukeshpatra/.m2/repository/org/seleniumhq/selenium/selenium-firefox-driver/4.25.0/selenium-firefox-driver-4.25.0.jar:/Users/mukeshpatra/.m2/repository/org/seleniumhq/selenium/selenium-http/4.25.0/selenium-http-4.25.0.jar:/Users/mukeshpatra/.m2/repository/dev/failsafe/failsafe/3.3.2/failsafe-3.3.2.jar:/Users/mukeshpatra/.m2/repository/org/seleniumhq/selenium/selenium-ie-driver/4.25.0/selenium-ie-driver-4.25.0.jar:/Users/mukeshpatra/.m2/repository/org/seleniumhq/selenium/selenium-remote-driver/4.25.0/selenium-remote-driver-4.25.0.jar:/Users/mukeshpatra/.m2/repository/com/google/guava/guava/33.3.0-jre/guava-33.3.0-jre.jar:/Users/mukeshpatra/.m2/repository/com/google/guava/failureaccess/1.0.2/failureaccess-1.0.2.jar:/Users/mukeshpatra/.m2/repository/com/google/guava/listenablefuture/9999.0-empty-to-avoid-conflict-with-guava/listenablefuture-9999.0-empty-to-avoid-conflict-with-guava.jar:/Users/mukeshpatra/.m2/repository/com/google/code/findbugs/jsr305/3.0.2/jsr305-3.0.2.jar:/Users/mukeshpatra/.m2/repository/org/checkerframework/checker-qual/3.43.0/checker-qual-3.43.0.jar:/Users/mukeshpatra/.m2/repository/com/google/j2objc/j2objc-annotations/3.0.0/j2objc-annotations-3.0.0.jar:/Users/mukeshpatra/.m2/repository/io/opentelemetry/semconv/opentelemetry-semconv/1.25.0-alpha/opentelemetry-semconv-1.25.0-alpha.jar:/Users/mukeshpatra/.m2/repository/io/opentelemetry/opentelemetry-api/1.42.1/opentelemetry-api-1.42.1.jar:/Users/mukeshpatra/.m2/repository/io/opentelemetry/opentelemetry-context/1.42.1/opentelemetry-context-1.42.1.jar:/Users/mukeshpatra/.m2/repository/io/opentelemetry/opentelemetry-exporter-logging/1.42.1/opentelemetry-exporter-logging-1.42.1.jar:/Users/mukeshpatra/.m2/repository/io/opentelemetry/opentelemetry-sdk-common/1.42.1/opentelemetry-sdk-common-1.42.1.jar:/Users/mukeshpatra/.m2/repository/io/opentelemetry/opentelemetry-sdk-extension-autoconfigure-spi/1.42.1/opentelemetry-sdk-extension-autoconfigure-spi-1.42.1.jar:/Users/mukeshpatra/.m2/repository/io/opentelemetry/opentelemetry-sdk-extension-autoconfigure/1.42.1/opentelemetry-sdk-extension-autoconfigure-1.42.1.jar:/Users/mukeshpatra/.m2/repository/io/opentelemetry/opentelemetry-api-incubator/1.42.1-alpha/opentelemetry-api-incubator-1.42.1-alpha.jar:/Users/mukeshpatra/.m2/repository/io/opentelemetry/opentelemetry-sdk-trace/1.42.1/opentelemetry-sdk-trace-1.42.1.jar:/Users/mukeshpatra/.m2/repository/io/opentelemetry/opentelemetry-sdk/1.42.1/opentelemetry-sdk-1.42.1.jar:/Users/mukeshpatra/.m2/repository/io/opentelemetry/opentelemetry-sdk-metrics/1.42.1/opentelemetry-sdk-metrics-1.42.1.jar:/Users/mukeshpatra/.m2/repository/io/opentelemetry/opentelemetry-sdk-logs/1.42.1/opentelemetry-sdk-logs-1.42.1.jar:/Users/mukeshpatra/.m2/repository/net/bytebuddy/byte-buddy/1.15.1/byte-buddy-1.15.1.jar:/Users/mukeshpatra/.m2/repository/org/seleniumhq/selenium/selenium-os/4.25.0/selenium-os-4.25.0.jar:/Users/mukeshpatra/.m2/repository/org/apache/commons/commons-exec/1.4.0/commons-exec-1.4.0.jar:/Users/mukeshpatra/.m2/repository/org/seleniumhq/selenium/selenium-safari-driver/4.25.0/selenium-safari-driver-4.25.0.jar:/Users/mukeshpatra/.m2/repository/org/seleniumhq/selenium/selenium-support/4.25.0/selenium-support-4.25.0.jar:/Users/mukeshpatra/.m2/repository/org/testng/testng/6.11/testng-6.11.jar:/Users/mukeshpatra/.m2/repository/com/beust/jcommander/1.64/jcommander-1.64.jar:/Users/mukeshpatra/.m2/repository/org/yaml/snakeyaml/1.17/snakeyaml-1.17.jar:/Users/mukeshpatra/.m2/repository/io/github/bonigarcia/webdrivermanager/5.9.2/webdrivermanager-5.9.2.jar:/Users/mukeshpatra/.m2/repository/org/slf4j/slf4j-api/2.0.13/slf4j-api-2.0.13.jar:/Users/mukeshpatra/.m2/repository/com/google/code/gson/gson/2.11.0/gson-2.11.0.jar:/Users/mukeshpatra/.m2/repository/com/google/errorprone/error_prone_annotations/2.27.0/error_prone_annotations-2.27.0.jar:/Users/mukeshpatra/.m2/repository/com/github/docker-java/docker-java/3.4.0/docker-java-3.4.0.jar:/Users/mukeshpatra/.m2/repository/com/github/docker-java/docker-java-core/3.4.0/docker-java-core-3.4.0.jar:/Users/mukeshpatra/.m2/repository/com/github/docker-java/docker-java-api/3.4.0/docker-java-api-3.4.0.jar:/Users/mukeshpatra/.m2/repository/com/fasterxml/jackson/core/jackson-annotations/2.10.3/jackson-annotations-2.10.3.jar:/Users/mukeshpatra/.m2/repository/com/fasterxml/jackson/core/jackson-databind/2.10.3/jackson-databind-2.10.3.jar:/Users/mukeshpatra/.m2/repository/com/fasterxml/jackson/core/jackson-core/2.10.3/jackson-core-2.10.3.jar:/Users/mukeshpatra/.m2/repository/org/slf4j/jcl-over-slf4j/1.7.30/jcl-over-slf4j-1.7.30.jar:/Users/mukeshpatra/.m2/repository/com/github/docker-java/docker-java-transport-httpclient5/3.4.0/docker-java-transport-httpclient5-3.4.0.jar:/Users/mukeshpatra/.m2/repository/com/github/docker-java/docker-java-transport/3.4.0/docker-java-transport-3.4.0.jar:/Users/mukeshpatra/.m2/repository/net/java/dev/jna/jna/5.13.0/jna-5.13.0.jar:/Users/mukeshpatra/.m2/repository/org/brotli/dec/0.1.2/dec-0.1.2.jar:/Users/mukeshpatra/.m2/repository/org/apache/commons/commons-lang3/3.15.0/commons-lang3-3.15.0.jar:/Users/mukeshpatra/.m2/repository/org/apache/commons/commons-compress/1.26.2/commons-compress-1.26.2.jar:/Users/mukeshpatra/.m2/repository/commons-codec/commons-codec/1.17.0/commons-codec-1.17.0.jar:/Users/mukeshpatra/.m2/repository/commons-io/commons-io/2.16.1/commons-io-2.16.1.jar:/Users/mukeshpatra/.m2/repository/org/apache/httpcomponents/client5/httpclient5/5.2.1/httpclient5-5.2.1.jar:/Users/mukeshpatra/.m2/repository/org/apache/httpcomponents/core5/httpcore5/5.2/httpcore5-5.2.jar:/Users/mukeshpatra/.m2/repository/org/apache/httpcomponents/core5/httpcore5-h2/5.2/httpcore5-h2-5.2.jar:/Users/mukeshpatra/.m2/repository/io/qameta/allure/allure-testng/2.21.0/allure-testng-2.21.0.jar:/Users/mukeshpatra/.m2/repository/io/qameta/allure/allure-java-commons/2.21.0/allure-java-commons-2.21.0.jar:/Users/mukeshpatra/.m2/repository/io/qameta/allure/allure-model/2.21.0/allure-model-2.21.0.jar:/Users/mukeshpatra/.m2/repository/io/qameta/allure/allure-test-filter/2.21.0/allure-test-filter-2.21.0.jar:/Users/mukeshpatra/.m2/repository/org/json/json/20210307/json-20210307.jar:/Users/mukeshpatra/.m2/repository/com/browserstack/browserstack-java-sdk/1.29.3/browserstack-java-sdk-1.29.3.jar:/Users/mukeshpatra/.m2/repository/org/apache/logging/log4j/log4j-core/2.17.1/log4j-core-2.17.1.jar:/Users/mukeshpatra/.m2/repository/org/apache/logging/log4j/log4j-api/2.17.1/log4j-api-2.17.1.jar:"/>
    <property name="sun.cpu.endian" value="little"/>
    <property name="user.home" value="/Users/mukeshpatra"/>
    <property name="user.language" value="en"/>
    <property name="java.specification.vendor" value="Oracle Corporation"/>
    <property name="java.version.date" value="2024-01-16"/>
    <property name="java.home" value="/opt/homebrew/Cellar/openjdk/21.0.2/libexec/openjdk.jdk/Contents/Home"/>
    <property name="file.separator" value="/"/>
    <property name="basedir" value="/Users/mukeshpatra/eclipse-workspace/Browserstack_Assignment"/>
    <property name="java.vm.compressedOopsMode" value="Zero based"/>
    <property name="line.separator" value="&#10;"/>
    <property name="java.vm.specification.vendor" value="Oracle Corporation"/>
    <property name="java.specification.name" value="Java Platform API Specification"/>
    <property name="apple.awt.application.name" value="ForkedBooter"/>
    <property name="surefire.real.class.path" value="/Users/mukeshpatra/eclipse-workspace/Browserstack_Assignment/target/surefire/surefirebooter-20250117101716180_3.jar"/>
    <property name="sun.management.compiler" value="HotSpot 64-Bit Tiered Compilers"/>
    <property name="ftp.nonProxyHosts" value="local|*.local|169.254/16|*.169.254/16"/>
    <property name="java.runtime.version" value="21.0.2"/>
    <property name="user.name" value="mukeshpatra"/>
    <property name="stdout.encoding" value="UTF-8"/>
    <property name="path.separator" value=":"/>
    <property name="os.version" value="15.2"/>
    <property name="java.runtime.name" value="OpenJDK Runtime Environment"/>
    <property name="file.encoding" value="UTF-8"/>
    <property name="java.vm.name" value="OpenJDK 64-Bit Server VM"/>
    <property name="java.vendor.version" value="Homebrew"/>
    <property name="localRepository" value="/Users/mukeshpatra/.m2/repository"/>
    <property name="java.vendor.url.bug" value="https://github.com/Homebrew/homebrew-core/issues"/>
    <property name="java.io.tmpdir" value="/var/folders/fj/0ytd7v1s4z3f87mstryb46bh0000gn/T/"/>
    <property name="java.version" value="21.0.2"/>
    <property name="user.dir" value="/Users/mukeshpatra/eclipse-workspace/Browserstack_Assignment"/>
    <property name="os.arch" value="aarch64"/>
    <property name="java.vm.specification.name" value="Java Virtual Machine Specification"/>
    <property name="native.encoding" value="UTF-8"/>
    <property name="java.library.path" value="/Users/mukeshpatra/Library/Java/Extensions:/Library/Java/Extensions:/Network/Library/Java/Extensions:/System/Library/Java/Extensions:/usr/lib/java:."/>
    <property name="java.vm.info" value="mixed mode, sharing"/>
    <property name="stderr.encoding" value="UTF-8"/>
    <property name="java.vendor" value="Homebrew"/>
    <property name="java.vm.version" value="21.0.2"/>
    <property name="sun.io.unicode.encoding" value="UnicodeBig"/>
    <property name="socksNonProxyHosts" value="local|*.local|169.254/16|*.169.254/16"/>
    <property name="java.class.version" value="65.0"/>
  </properties>
  <testcase name="websiteTextValidationTest" classname="com.browserstack.tests.AssignmentTests" time="0.074">
    <system-err><![CDATA[SLF4J(W): No SLF4J providers were found.
SLF4J(W): Defaulting to no-operation (NOP) logger implementation
SLF4J(W): See https://www.slf4j.org/codes.html#noProviders for further details.
Jan 17, 2025 10:17:21 AM org.openqa.selenium.devtools.CdpVersionFinder findNearestMatch
WARNING: Unable to find an exact match for CDP version 131, returning the closest version; found: 129; Please update to a Selenium version that supports CDP version 131
]]></system-err>
  </testcase>
  <testcase name="printFirstFiveArticleTextsTest" classname="com.browserstack.tests.AssignmentTests" time="6.761">
    <system-out><![CDATA[2025-01-17 10:17:41 - INFO  - AssignmentTests - Article 1: El legado amargo de Joe Biden
2025-01-17 10:17:41 - INFO  - AssignmentTests - Article 2: Inmigración, datos y relato
2025-01-17 10:17:41 - INFO  - AssignmentTests - Article 3: Israel y Hamás simulan un acuerdo
2025-01-17 10:17:41 - INFO  - AssignmentTests - Article 4: Derecha radical chic
2025-01-17 10:17:41 - INFO  - AssignmentTests - Article 5: ‘No pasa nada’
]]></system-out>
    <system-err><![CDATA[Jan 17, 2025 10:17:29 AM org.openqa.selenium.devtools.CdpVersionFinder findNearestMatch
WARNING: Unable to find an exact match for CDP version 131, returning the closest version; found: 129; Please update to a Selenium version that supports CDP version 131
]]></system-err>
  </testcase>
  <testcase name="translateToEnglishAndPrintTest" classname="com.browserstack.tests.AssignmentTests" time="6.979">
    <failure message="Failed to get valid response from API. Status code: 429 expected [200] but found [429]" type="java.lang.AssertionError"><![CDATA[java.lang.AssertionError: Failed to get valid response from API. Status code: 429 expected [200] but found [429]
	at org.testng.Assert.fail(Assert.java:93)
	at org.testng.Assert.failNotEquals(Assert.java:512)
	at org.testng.Assert.assertEqualsImpl(Assert.java:134)
	at org.testng.Assert.assertEquals(Assert.java:115)
	at org.testng.Assert.assertEquals(Assert.java:388)
	at com.browserstack.utils.TranslationAPI.getTranslation(TranslationAPI.java:48)
	at com.browserstack.tests.AssignmentTests.translateToEnglishAndPrintTest(AssignmentTests.java:71)
	at java.base/jdk.internal.reflect.DirectMethodHandleAccessor.invoke(DirectMethodHandleAccessor.java:103)
	at java.base/java.lang.reflect.Method.invoke(Method.java:580)
	at org.testng.internal.MethodInvocationHelper.invokeMethod(MethodInvocationHelper.java:108)
	at org.testng.internal.Invoker.invokeMethod(Invoker.java:661)
	at org.testng.internal.Invoker.invokeTestMethod(Invoker.java:869)
	at org.testng.internal.Invoker.invokeTestMethods(Invoker.java:1193)
	at org.testng.internal.TestMethodWorker.invokeTestMethods(TestMethodWorker.java:126)
	at org.testng.internal.TestMethodWorker.run(TestMethodWorker.java:109)
	at org.testng.TestRunner.privateRun(TestRunner.java:744)
	at org.testng.TestRunner.run(TestRunner.java:602)
	at org.testng.SuiteRunner.runTest(SuiteRunner.java:380)
	at org.testng.SuiteRunner.runSequentially(SuiteRunner.java:375)
	at org.testng.SuiteRunner.privateRun(SuiteRunner.java:340)
	at org.testng.SuiteRunner.run(SuiteRunner.java:289)
	at org.testng.SuiteRunnerWorker.runSuite(SuiteRunnerWorker.java:52)
	at org.testng.SuiteRunnerWorker.run(SuiteRunnerWorker.java:86)
	at org.testng.TestNG.runSuitesSequentially(TestNG.java:1301)
	at org.testng.TestNG.runSuitesLocally(TestNG.java:1226)
	at org.testng.TestNG.runSuites(TestNG.java:1144)
	at org.testng.TestNG.run(TestNG.java:1115)
	at org.apache.maven.surefire.testng.TestNGExecutor.run(TestNGExecutor.java:155)
	at org.apache.maven.surefire.testng.TestNGDirectoryTestSuite.executeSingleClass(TestNGDirectoryTestSuite.java:102)
	at org.apache.maven.surefire.testng.TestNGDirectoryTestSuite.execute(TestNGDirectoryTestSuite.java:91)
	at org.apache.maven.surefire.testng.TestNGProvider.invoke(TestNGProvider.java:137)
	at org.apache.maven.surefire.booter.ForkedBooter.runSuitesInProcess(ForkedBooter.java:385)
	at org.apache.maven.surefire.booter.ForkedBooter.execute(ForkedBooter.java:162)
	at org.apache.maven.surefire.booter.ForkedBooter.run(ForkedBooter.java:507)
	at org.apache.maven.surefire.booter.ForkedBooter.main(ForkedBooter.java:495)
]]></failure>
    <system-err><![CDATA[Jan 17, 2025 10:17:42 AM org.openqa.selenium.devtools.CdpVersionFinder findNearestMatch
WARNING: Unable to find an exact match for CDP version 131, returning the closest version; found: 129; Please update to a Selenium version that supports CDP version 131
]]></system-err>
  </testcase>
  <testcase name="analyzeTranslatedHeaders" classname="com.browserstack.tests.AssignmentTests" time="7.645">
    <failure message="Failed to get valid response from API. Status code: 429 expected [200] but found [429]" type="java.lang.AssertionError"><![CDATA[java.lang.AssertionError: Failed to get valid response from API. Status code: 429 expected [200] but found [429]
	at org.testng.Assert.fail(Assert.java:93)
	at org.testng.Assert.failNotEquals(Assert.java:512)
	at org.testng.Assert.assertEqualsImpl(Assert.java:134)
	at org.testng.Assert.assertEquals(Assert.java:115)
	at org.testng.Assert.assertEquals(Assert.java:388)
	at com.browserstack.utils.TranslationAPI.getTranslation(TranslationAPI.java:48)
	at com.browserstack.tests.AssignmentTests.analyzeTranslatedHeaders(AssignmentTests.java:95)
	at java.base/jdk.internal.reflect.DirectMethodHandleAccessor.invoke(DirectMethodHandleAccessor.java:103)
	at java.base/java.lang.reflect.Method.invoke(Method.java:580)
	at org.testng.internal.MethodInvocationHelper.invokeMethod(MethodInvocationHelper.java:108)
	at org.testng.internal.Invoker.invokeMethod(Invoker.java:661)
	at org.testng.internal.Invoker.invokeTestMethod(Invoker.java:869)
	at org.testng.internal.Invoker.invokeTestMethods(Invoker.java:1193)
	at org.testng.internal.TestMethodWorker.invokeTestMethods(TestMethodWorker.java:126)
	at org.testng.internal.TestMethodWorker.run(TestMethodWorker.java:109)
	at org.testng.TestRunner.privateRun(TestRunner.java:744)
	at org.testng.TestRunner.run(TestRunner.java:602)
	at org.testng.SuiteRunner.runTest(SuiteRunner.java:380)
	at org.testng.SuiteRunner.runSequentially(SuiteRunner.java:375)
	at org.testng.SuiteRunner.privateRun(SuiteRunner.java:340)
	at org.testng.SuiteRunner.run(SuiteRunner.java:289)
	at org.testng.SuiteRunnerWorker.runSuite(SuiteRunnerWorker.java:52)
	at org.testng.SuiteRunnerWorker.run(SuiteRunnerWorker.java:86)
	at org.testng.TestNG.runSuitesSequentially(TestNG.java:1301)
	at org.testng.TestNG.runSuitesLocally(TestNG.java:1226)
	at org.testng.TestNG.runSuites(TestNG.java:1144)
	at org.testng.TestNG.run(TestNG.java:1115)
	at org.apache.maven.surefire.testng.TestNGExecutor.run(TestNGExecutor.java:155)
	at org.apache.maven.surefire.testng.TestNGDirectoryTestSuite.executeSingleClass(TestNGDirectoryTestSuite.java:102)
	at org.apache.maven.surefire.testng.TestNGDirectoryTestSuite.execute(TestNGDirectoryTestSuite.java:91)
	at org.apache.maven.surefire.testng.TestNGProvider.invoke(TestNGProvider.java:137)
	at org.apache.maven.surefire.booter.ForkedBooter.runSuitesInProcess(ForkedBooter.java:385)
	at org.apache.maven.surefire.booter.ForkedBooter.execute(ForkedBooter.java:162)
	at org.apache.maven.surefire.booter.ForkedBooter.run(ForkedBooter.java:507)
	at org.apache.maven.surefire.booter.ForkedBooter.main(ForkedBooter.java:495)
]]></failure>
    <system-err><![CDATA[Jan 17, 2025 10:17:57 AM org.openqa.selenium.devtools.CdpVersionFinder findNearestMatch
WARNING: Unable to find an exact match for CDP version 131, returning the closest version; found: 129; Please update to a Selenium version that supports CDP version 131
]]></system-err>
  </testcase>
</testsuite>