<?xml version="1.0" encoding="UTF-8"?>
<!-- Generated by org.testng.reporters.JUnitReportReporter -->
<testsuite hostname="mukeshs-MacBook-Air.local" failures="0" tests="4" name="com.browserstack.tests.AssignmentTests" time="202.358" errors="0" timestamp="17 Jan 2025 03:27:53 GMT" skipped="2">
  <testcase classname="com.browserstack.tests.AssignmentTests" name="websiteTextValidationTest" time="75.036"/>
  <testcase classname="com.browserstack.tests.AssignmentTests" name="printFirstFiveArticleTextsTest" time="127.322"/>
  <testcase classname="com.browserstack.tests.AssignmentTests" name="translateToEnglishAndPrintTest">
    <skipped/>
  </testcase> <!-- translateToEnglishAndPrintTest -->
  <testcase classname="com.browserstack.tests.AssignmentTests" name="analyzeTranslatedHeaders">
    <skipped/>
  </testcase> <!-- analyzeTranslatedHeaders -->
</testsuite> <!-- com.browserstack.tests.AssignmentTests -->
